JobId=17341717 JobName=rr
   UserId=zhangf37(1027995) GroupId=qgg(2497) MCS_label=N/A
   Priority=63290 Nice=0 Account=ansgenetics QOS=normal
   JobState=RUNNING Reason=None Dependency=(null)
   Requeue=1 Restarts=0 BatchFlag=1 Reboot=0 ExitCode=0:0
   RunTime=00:07:33 TimeLimit=04:00:00 TimeMin=N/A
   SubmitTime=2021-03-13T13:13:14 EligibleTime=2021-03-13T13:13:14
   AccrueTime=2021-03-13T13:13:14
   StartTime=2021-03-13T13:13:15 EndTime=2021-03-13T17:13:15 Deadline=N/A
   SuspendTime=None SecsPreSuspend=0 LastSchedEval=2021-03-13T13:13:15
   Partition=ansgenetics AllocNode:Sid=dev-intel14-k20.i:24568
   ReqNodeList=(null) ExcNodeList=(null)
   NodeList=css-093
   BatchHost=css-093
   NumNodes=1 NumCPUs=1 NumTasks=1 CPUs/Task=1 ReqB:S:C:T=0:0:*:*
   TRES=cpu=1,mem=10G,node=1,billing=1556
   Socks/Node=* NtasksPerN:B:S:C=0:0:*:* CoreSpec=*
   MinCPUsNode=1 MinMemoryCPU=10G MinTmpDiskNode=0
   Features=[intel14|intel16|intel18|amr|nvf] DelayBoot=00:00:00
   OverSubscribe=OK Contiguous=0 Licenses=(null) Network=(null)
   Command=/mnt/gs18/scratch/users/zhangf37/PROJECT/20190813_MSUPRP/00.Scripts/04.Heritability/01.rrBLUP.AS.job
   WorkDir=/mnt/gs18/scratch/users/zhangf37/PROJECT/20190813_MSUPRP/00.Scripts/04.Heritability
   Comment=stdout=/mnt/gs18/scratch/users/zhangf37/PROJECT/20190813_MSUPRP/00.Scripts/04.Heritability/slurm-17341717.out 
   StdErr=/mnt/gs18/scratch/users/zhangf37/PROJECT/20190813_MSUPRP/00.Scripts/04.Heritability/slurm-17341717.out
   StdIn=/dev/null
   StdOut=/mnt/gs18/scratch/users/zhangf37/PROJECT/20190813_MSUPRP/00.Scripts/04.Heritability/slurm-17341717.out
   Power=
   NtasksPerTRES:0

JobId=17589798 JobName=rr
   UserId=zhangf37(1027995) GroupId=qgg(2497) MCS_label=N/A
   Priority=63296 Nice=0 Account=ansgenetics QOS=normal
   JobState=RUNNING Reason=None Dependency=(null)
   Requeue=1 Restarts=0 BatchFlag=1 Reboot=0 ExitCode=0:0
   RunTime=00:05:39 TimeLimit=04:00:00 TimeMin=N/A
   SubmitTime=2021-03-16T05:05:34 EligibleTime=2021-03-16T05:05:34
   AccrueTime=2021-03-16T05:05:34
   StartTime=2021-03-16T05:05:37 EndTime=2021-03-16T09:05:37 Deadline=N/A
   SuspendTime=None SecsPreSuspend=0 LastSchedEval=2021-03-16T05:05:37
   Partition=ansgenetics AllocNode:Sid=dev-intel14.i:1653
   ReqNodeList=(null) ExcNodeList=(null)
   NodeList=css-047
   BatchHost=css-047
   NumNodes=1 NumCPUs=1 NumTasks=1 CPUs/Task=1 ReqB:S:C:T=0:0:*:*
   TRES=cpu=1,mem=10G,node=1,billing=1556
   Socks/Node=* NtasksPerN:B:S:C=0:0:*:* CoreSpec=*
   MinCPUsNode=1 MinMemoryCPU=10G MinTmpDiskNode=0
   Features=[intel14|intel16|intel18|amr|nvf] DelayBoot=00:00:00
   OverSubscribe=OK Contiguous=0 Licenses=(null) Network=(null)
   Command=/mnt/gs18/scratch/users/zhangf37/PROJECT/20190813_MSUPRP/00.Scripts/04.Heritability/02.rrBLUP.genetpm.job
   WorkDir=/mnt/gs18/scratch/users/zhangf37/PROJECT/20190813_MSUPRP/00.Scripts/04.Heritability
   Comment=stdout=/mnt/gs18/scratch/users/zhangf37/PROJECT/20190813_MSUPRP/00.Scripts/04.Heritability/slurm-17589798.out 
   StdErr=/mnt/gs18/scratch/users/zhangf37/PROJECT/20190813_MSUPRP/00.Scripts/04.Heritability/slurm-17589798.out
   StdIn=/dev/null
   StdOut=/mnt/gs18/scratch/users/zhangf37/PROJECT/20190813_MSUPRP/00.Scripts/04.Heritability/slurm-17589798.out
   Power=
   NtasksPerTRES:0

